VM start event not sent yet: dropping APPDOMAIN_CREATE
[0000000000007B4C] Thread started, obj=000001E624890130, tls=000001E642F97010.
VM start event not sent yet: dropping THREAD_START
[0000000000007B4C] Suspended.
[0000000000007B4C] Resumed.
VM start event not sent yet: dropping ASSEMBLY_LOAD
VM start event not sent yet: dropping TYPE_LOAD
VM start event not sent yet: dropping TYPE_LOAD
VM start event not sent yet: dropping TYPE_LOAD
VM start event not sent yet: dropping TYPE_LOAD
VM start event not sent yet: dropping TYPE_LOAD
VM start event not sent yet: dropping TYPE_LOAD
VM start event not sent yet: dropping TYPE_LOAD
VM start event not sent yet: dropping TYPE_LOAD
[000000000000B518] Thread started, obj=000001E624890278, tls=000001E642E288D0.
VM start event not sent yet: dropping THREAD_START
[000000000000B518] Suspended.
[000000000000B518] Resumed.
Debugger client is not connected: dropping VM_START
[dbg] Agent thread started, pid=0000000000005AFC
VM start event not sent yet: dropping APPDOMAIN_CREATE
VM start event not sent yet: dropping TYPE_LOAD
VM start event not sent yet: dropping TYPE_LOAD
VM start event not sent yet: dropping TYPE_LOAD
VM start event not sent yet: dropping TYPE_LOAD
VM start event not sent yet: dropping TYPE_LOAD
VM start event not sent yet: dropping TYPE_LOAD
VM start event not sent yet: dropping TYPE_LOAD
VM start event not sent yet: dropping TYPE_LOAD
VM start event not sent yet: dropping ASSEMBLY_LOAD
VM start event not sent yet: dropping ASSEMBLY_LOAD
VM start event not sent yet: dropping TYPE_LOAD
[0000000000009FA8] Thread started, obj=000001E624890508, tls=000001E653B64200.
VM start event not sent yet: dropping THREAD_START
[0000000000009FA8] Suspended.
[0000000000009FA8] Resumed.
VM start event not sent yet: dropping TYPE_LOAD
VM start event not sent yet: dropping TYPE_LOAD
VM start event not sent yet: dropping TYPE_LOAD
VM start event not sent yet: dropping TYPE_LOAD
VM start event not sent yet: dropping TYPE_LOAD
VM start event not sent yet: dropping TYPE_LOAD
VM start event not sent yet: dropping TYPE_LOAD
VM start event not sent yet: dropping TYPE_LOAD
VM start event not sent yet: dropping TYPE_LOAD
VM start event not sent yet: dropping TYPE_LOAD
VM start event not sent yet: dropping TYPE_LOAD
VM start event not sent yet: dropping TYPE_LOAD
VM start event not sent yet: dropping TYPE_LOAD
VM start event not sent yet: dropping TYPE_LOAD
VM start event not sent yet: dropping TYPE_LOAD
VM start event not sent yet: dropping TYPE_LOAD
VM start event not sent yet: dropping TYPE_LOAD
VM start event not sent yet: dropping TYPE_LOAD
VM start event not sent yet: dropping TYPE_LOAD
VM start event not sent yet: dropping TYPE_LOAD
VM start event not sent yet: dropping TYPE_LOAD
VM start event not sent yet: dropping TYPE_LOAD
VM start event not sent yet: dropping TYPE_LOAD
VM start event not sent yet: dropping TYPE_LOAD
VM start event not sent yet: dropping ASSEMBLY_UNLOAD
VM start event not sent yet: dropping ASSEMBLY_UNLOAD
VM start event not sent yet: dropping APPDOMAIN_UNLOAD
[0000000000009FA8] Thread terminated, obj=000001E624890508, tls=000001E653B64200 (domain=000001E653C10A50).
VM start event not sent yet: dropping THREAD_DEATH
VM start event not sent yet: dropping TYPE_LOAD
VM start event not sent yet: dropping TYPE_LOAD
VM start event not sent yet: dropping TYPE_LOAD
VM start event not sent yet: dropping TYPE_LOAD
VM start event not sent yet: dropping TYPE_LOAD
VM start event not sent yet: dropping TYPE_LOAD
VM start event not sent yet: dropping TYPE_LOAD
VM start event not sent yet: dropping TYPE_LOAD
VM start event not sent yet: dropping TYPE_LOAD
VM start event not sent yet: dropping TYPE_LOAD
VM start event not sent yet: dropping TYPE_LOAD
VM start event not sent yet: dropping TYPE_LOAD
VM start event not sent yet: dropping TYPE_LOAD
VM start event not sent yet: dropping TYPE_LOAD
VM start event not sent yet: dropping TYPE_LOAD
VM start event not sent yet: dropping TYPE_LOAD
VM start event not sent yet: dropping TYPE_LOAD
VM start event not sent yet: dropping TYPE_LOAD
VM start event not sent yet: dropping TYPE_LOAD
VM start event not sent yet: dropping TYPE_LOAD
VM start event not sent yet: dropping TYPE_LOAD
VM start event not sent yet: dropping TYPE_LOAD
VM start event not sent yet: dropping TYPE_LOAD
VM start event not sent yet: dropping TYPE_LOAD
VM start event not sent yet: dropping TYPE_LOAD
VM start event not sent yet: dropping TYPE_LOAD
VM start event not sent yet: dropping TYPE_LOAD
[000000000000B518] Thread terminated, obj=000001E624890278, tls=000001E642E288D0 (domain=000001E653C10A50).
VM start event not sent yet: dropping THREAD_DEATH
VM start event not sent yet: dropping VM_DEATH
Accepted connection on -1
[dbg] Bad client connection
[dbg] Can't attach, aborting debugger thread.
[dbg] Debugger thread exited.
